[0.811s] DEBUG:colcon:Command line arguments: ['/usr/bin/colcon', 'build', '--packages-select', 'my_py_pkg']
[0.811s] DEBUG:colcon:Parsed command line arguments: Namespace(log_base=None, log_level=None, verb_name='build', build_base='build', install_base='install', merge_install=False, symlink_install=False, test_result_base=None, continue_on_error=False, executor='parallel', parallel_workers=3, event_handlers=None, ignore_user_meta=False, metas=['./colcon.meta'], base_paths=['.'], packages_ignore=None, packages_ignore_regex=None, paths=None, packages_up_to=None, packages_up_to_regex=None, packages_above=None, packages_above_and_dependencies=None, packages_above_depth=None, packages_select_by_dep=None, packages_skip_by_dep=None, packages_skip_up_to=None, packages_select_build_failed=False, packages_skip_build_finished=False, packages_select_test_failures=False, packages_skip_test_passed=False, packages_select=['my_py_pkg'], packages_skip=None, packages_select_regex=None, packages_skip_regex=None, packages_start=None, packages_end=None, allow_overriding=[], cmake_args=None, cmake_target=None, cmake_target_skip_unavailable=False, cmake_clean_cache=False, cmake_clean_first=False, cmake_force_configure=False, ament_cmake_args=None, catkin_cmake_args=None, catkin_skip_building_tests=False, verb_parser=<colcon_defaults.argument_parser.defaults.DefaultArgumentsDecorator object at 0x711e2a7f3fa0>, verb_extension=<colcon_core.verb.build.BuildVerb object at 0x711e2a7f3a90>, main=<bound method BuildVerb.main of <colcon_core.verb.build.BuildVerb object at 0x711e2a7f3a90>>)
[2.264s] Level 1:colcon.colcon_core.package_discovery:discover_packages(colcon_meta) check parameters
[2.264s] Level 1:colcon.colcon_core.package_discovery:discover_packages(recursive) check parameters
[2.265s] Level 1:colcon.colcon_core.package_discovery:discover_packages(ignore) check parameters
[2.265s] Level 1:colcon.colcon_core.package_discovery:discover_packages(path) check parameters
[2.265s] Level 1:colcon.colcon_core.package_discovery:discover_packages(colcon_meta) discover
[2.265s] Level 1:colcon.colcon_core.package_discovery:discover_packages(recursive) discover
[2.266s] INFO:colcon.colcon_core.package_discovery:Crawling recursively for packages in '/home/elad/ros2_ws/src/my_py_pkg/my_py_pkg'
[2.267s] Level 1:colcon.colcon_core.package_identification:_identify(.) by extensions ['ignore', 'ignore_ament_install']
[2.268s] Level 1:colcon.colcon_core.package_identification:_identify(.) by extension 'ignore'
[2.268s] Level 1:colcon.colcon_core.package_identification:_identify(.) by extension 'ignore_ament_install'
[2.268s] Level 1:colcon.colcon_core.package_identification:_identify(.) by extensions ['colcon_pkg']
[2.269s] Level 1:colcon.colcon_core.package_identification:_identify(.) by extension 'colcon_pkg'
[2.269s] Level 1:colcon.colcon_core.package_identification:_identify(.) by extensions ['colcon_meta']
[2.269s] Level 1:colcon.colcon_core.package_identification:_identify(.) by extension 'colcon_meta'
[2.270s] Level 1:colcon.colcon_core.package_identification:_identify(.) by extensions ['ros']
[2.270s] Level 1:colcon.colcon_core.package_identification:_identify(.) by extension 'ros'
[2.393s] Level 1:colcon.colcon_core.package_identification:_identify(.) by extensions ['cmake', 'python']
[2.393s] Level 1:colcon.colcon_core.package_identification:_identify(.) by extension 'cmake'
[2.394s] Level 1:colcon.colcon_core.package_identification:_identify(.) by extension 'python'
[2.394s] Level 1:colcon.colcon_core.package_identification:_identify(.) by extensions ['python_setup_py']
[2.394s] Level 1:colcon.colcon_core.package_identification:_identify(.) by extension 'python_setup_py'
[2.395s] Level 1:colcon.colcon_core.package_identification:_identify(__pycache__) by extensions ['ignore', 'ignore_ament_install']
[2.396s] Level 1:colcon.colcon_core.package_identification:_identify(__pycache__) by extension 'ignore'
[2.397s] Level 1:colcon.colcon_core.package_identification:_identify(__pycache__) by extension 'ignore_ament_install'
[2.397s] Level 1:colcon.colcon_core.package_identification:_identify(__pycache__) by extensions ['colcon_pkg']
[2.397s] Level 1:colcon.colcon_core.package_identification:_identify(__pycache__) by extension 'colcon_pkg'
[2.398s] Level 1:colcon.colcon_core.package_identification:_identify(__pycache__) by extensions ['colcon_meta']
[2.398s] Level 1:colcon.colcon_core.package_identification:_identify(__pycache__) by extension 'colcon_meta'
[2.398s] Level 1:colcon.colcon_core.package_identification:_identify(__pycache__) by extensions ['ros']
[2.399s] Level 1:colcon.colcon_core.package_identification:_identify(__pycache__) by extension 'ros'
[2.399s] Level 1:colcon.colcon_core.package_identification:_identify(__pycache__) by extensions ['cmake', 'python']
[2.400s] Level 1:colcon.colcon_core.package_identification:_identify(__pycache__) by extension 'cmake'
[2.400s] Level 1:colcon.colcon_core.package_identification:_identify(__pycache__) by extension 'python'
[2.400s] Level 1:colcon.colcon_core.package_identification:_identify(__pycache__) by extensions ['python_setup_py']
[2.400s] Level 1:colcon.colcon_core.package_identification:_identify(__pycache__) by extension 'python_setup_py'
[2.401s] Level 1:colcon.colcon_core.package_identification:_identify(build) by extensions ['ignore', 'ignore_ament_install']
[2.402s] Level 1:colcon.colcon_core.package_identification:_identify(build) by extension 'ignore'
[2.402s] Level 1:colcon.colcon_core.package_identification:_identify(build) ignored
[2.403s] Level 1:colcon.colcon_core.package_identification:_identify(install) by extensions ['ignore', 'ignore_ament_install']
[2.404s] Level 1:colcon.colcon_core.package_identification:_identify(install) by extension 'ignore'
[2.404s] Level 1:colcon.colcon_core.package_identification:_identify(install) ignored
[2.405s] Level 1:colcon.colcon_core.package_identification:_identify(log) by extensions ['ignore', 'ignore_ament_install']
[2.405s] Level 1:colcon.colcon_core.package_identification:_identify(log) by extension 'ignore'
[2.406s] Level 1:colcon.colcon_core.package_identification:_identify(log) ignored
[2.406s] Level 1:colcon.colcon_core.package_discovery:discover_packages(recursive) using defaults
[2.406s] Level 1:colcon.colcon_core.package_discovery:discover_packages(ignore) discover
[2.407s] Level 1:colcon.colcon_core.package_discovery:discover_packages(ignore) using defaults
[2.407s] Level 1:colcon.colcon_core.package_discovery:discover_packages(path) discover
[2.407s] Level 1:colcon.colcon_core.package_discovery:discover_packages(path) using defaults
[2.409s] WARNING:colcon.colcon_core.package_selection:ignoring unknown package 'my_py_pkg' in --packages-select
[2.645s] Level 1:colcon.colcon_core.package_discovery:discover_packages(prefix_path) check parameters
[2.646s] Level 1:colcon.colcon_core.package_discovery:discover_packages(prefix_path) discover
[2.666s] DEBUG:colcon.colcon_installed_package_information.package_discovery:Found 2 installed packages in /home/elad/ros2_ws/install
[2.676s] DEBUG:colcon.colcon_installed_package_information.package_discovery:Found 270 installed packages in /opt/ros/humble
[2.688s] Level 1:colcon.colcon_core.package_discovery:discover_packages(prefix_path) using defaults
[3.065s] INFO:colcon.colcon_core.executor:Executing jobs using 'parallel' executor
[3.073s] DEBUG:colcon.colcon_parallel_executor.executor.parallel:run_until_complete
[3.074s] DEBUG:colcon.colcon_parallel_executor.executor.parallel:closing loop
[3.074s] DEBUG:colcon.colcon_parallel_executor.executor.parallel:loop closed
[3.075s] DEBUG:colcon.colcon_parallel_executor.executor.parallel:run_until_complete finished with '0'
[3.075s] DEBUG:colcon.colcon_core.event_reactor:joining thread
[3.141s] INFO:colcon.colcon_core.plugin_system:Skipping extension 'colcon_notification.desktop_notification.terminal_notifier': Not used on non-Darwin systems
[3.141s] INFO:colcon.colcon_core.plugin_system:Skipping extension 'colcon_notification.desktop_notification.win32': Not used on non-Windows systems
[3.141s] INFO:colcon.colcon_notification.desktop_notification:Sending desktop notification using 'notify2'
[3.319s] DEBUG:colcon.colcon_core.event_reactor:joined thread
[3.370s] INFO:colcon.colcon_core.plugin_system:Skipping extension 'colcon_core.shell.bat': Not used on non-Windows systems
[3.372s] INFO:colcon.colcon_core.shell:Creating prefix script '/home/elad/ros2_ws/src/my_py_pkg/my_py_pkg/install/local_setup.ps1'
[3.397s] INFO:colcon.colcon_core.shell:Creating prefix util module '/home/elad/ros2_ws/src/my_py_pkg/my_py_pkg/install/_local_setup_util_ps1.py'
[3.414s] INFO:colcon.colcon_core.shell:Creating prefix chain script '/home/elad/ros2_ws/src/my_py_pkg/my_py_pkg/install/setup.ps1'
[3.430s] INFO:colcon.colcon_core.shell:Creating prefix script '/home/elad/ros2_ws/src/my_py_pkg/my_py_pkg/install/local_setup.sh'
[3.437s] INFO:colcon.colcon_core.shell:Creating prefix util module '/home/elad/ros2_ws/src/my_py_pkg/my_py_pkg/install/_local_setup_util_sh.py'
[3.446s] INFO:colcon.colcon_core.shell:Creating prefix chain script '/home/elad/ros2_ws/src/my_py_pkg/my_py_pkg/install/setup.sh'
[3.461s] INFO:colcon.colcon_core.shell:Creating prefix script '/home/elad/ros2_ws/src/my_py_pkg/my_py_pkg/install/local_setup.bash'
[3.466s] INFO:colcon.colcon_core.shell:Creating prefix chain script '/home/elad/ros2_ws/src/my_py_pkg/my_py_pkg/install/setup.bash'
[3.480s] INFO:colcon.colcon_core.shell:Creating prefix script '/home/elad/ros2_ws/src/my_py_pkg/my_py_pkg/install/local_setup.zsh'
[3.488s] INFO:colcon.colcon_core.shell:Creating prefix chain script '/home/elad/ros2_ws/src/my_py_pkg/my_py_pkg/install/setup.zsh'
