[0.494s] DEBUG:colcon:Command line arguments: ['/usr/bin/colcon', 'build', '--packages-select', 'my_py_pkg']
[0.495s] DEBUG:colcon:Parsed command line arguments: Namespace(log_base=None, log_level=None, verb_name='build', build_base='build', install_base='install', merge_install=False, symlink_install=False, test_result_base=None, continue_on_error=False, executor='parallel', parallel_workers=3, event_handlers=None, ignore_user_meta=False, metas=['./colcon.meta'], base_paths=['.'], packages_ignore=None, packages_ignore_regex=None, paths=None, packages_up_to=None, packages_up_to_regex=None, packages_above=None, packages_above_and_dependencies=None, packages_above_depth=None, packages_select_by_dep=None, packages_skip_by_dep=None, packages_skip_up_to=None, packages_select_build_failed=False, packages_skip_build_finished=False, packages_select_test_failures=False, packages_skip_test_passed=False, packages_select=['my_py_pkg'], packages_skip=None, packages_select_regex=None, packages_skip_regex=None, packages_start=None, packages_end=None, allow_overriding=[], cmake_args=None, cmake_target=None, cmake_target_skip_unavailable=False, cmake_clean_cache=False, cmake_clean_first=False, cmake_force_configure=False, ament_cmake_args=None, catkin_cmake_args=None, catkin_skip_building_tests=False, verb_parser=<colcon_defaults.argument_parser.defaults.DefaultArgumentsDecorator object at 0x7a7ce6c0bfa0>, verb_extension=<colcon_core.verb.build.BuildVerb object at 0x7a7ce6c0ba90>, main=<bound method BuildVerb.main of <colcon_core.verb.build.BuildVerb object at 0x7a7ce6c0ba90>>)
[1.416s] Level 1:colcon.colcon_core.package_discovery:discover_packages(colcon_meta) check parameters
[1.417s] Level 1:colcon.colcon_core.package_discovery:discover_packages(recursive) check parameters
[1.417s] Level 1:colcon.colcon_core.package_discovery:discover_packages(ignore) check parameters
[1.417s] Level 1:colcon.colcon_core.package_discovery:discover_packages(path) check parameters
[1.417s] Level 1:colcon.colcon_core.package_discovery:discover_packages(colcon_meta) discover
[1.417s] Level 1:colcon.colcon_core.package_discovery:discover_packages(recursive) discover
[1.417s] INFO:colcon.colcon_core.package_discovery:Crawling recursively for packages in '/home/elad/ros2_ws/src/my_py_pkg/my_py_pkg'
[1.418s] Level 1:colcon.colcon_core.package_identification:_identify(.) by extensions ['ignore', 'ignore_ament_install']
[1.418s] Level 1:colcon.colcon_core.package_identification:_identify(.) by extension 'ignore'
[1.419s] Level 1:colcon.colcon_core.package_identification:_identify(.) by extension 'ignore_ament_install'
[1.419s] Level 1:colcon.colcon_core.package_identification:_identify(.) by extensions ['colcon_pkg']
[1.419s] Level 1:colcon.colcon_core.package_identification:_identify(.) by extension 'colcon_pkg'
[1.419s] Level 1:colcon.colcon_core.package_identification:_identify(.) by extensions ['colcon_meta']
[1.420s] Level 1:colcon.colcon_core.package_identification:_identify(.) by extension 'colcon_meta'
[1.420s] Level 1:colcon.colcon_core.package_identification:_identify(.) by extensions ['ros']
[1.420s] Level 1:colcon.colcon_core.package_identification:_identify(.) by extension 'ros'
[1.496s] Level 1:colcon.colcon_core.package_identification:_identify(.) by extensions ['cmake', 'python']
[1.497s] Level 1:colcon.colcon_core.package_identification:_identify(.) by extension 'cmake'
[1.497s] Level 1:colcon.colcon_core.package_identification:_identify(.) by extension 'python'
[1.498s] Level 1:colcon.colcon_core.package_identification:_identify(.) by extensions ['python_setup_py']
[1.498s] Level 1:colcon.colcon_core.package_identification:_identify(.) by extension 'python_setup_py'
[1.499s] Level 1:colcon.colcon_core.package_identification:_identify(__pycache__) by extensions ['ignore', 'ignore_ament_install']
[1.500s] Level 1:colcon.colcon_core.package_identification:_identify(__pycache__) by extension 'ignore'
[1.501s] Level 1:colcon.colcon_core.package_identification:_identify(__pycache__) by extension 'ignore_ament_install'
[1.501s] Level 1:colcon.colcon_core.package_identification:_identify(__pycache__) by extensions ['colcon_pkg']
[1.501s] Level 1:colcon.colcon_core.package_identification:_identify(__pycache__) by extension 'colcon_pkg'
[1.502s] Level 1:colcon.colcon_core.package_identification:_identify(__pycache__) by extensions ['colcon_meta']
[1.502s] Level 1:colcon.colcon_core.package_identification:_identify(__pycache__) by extension 'colcon_meta'
[1.502s] Level 1:colcon.colcon_core.package_identification:_identify(__pycache__) by extensions ['ros']
[1.503s] Level 1:colcon.colcon_core.package_identification:_identify(__pycache__) by extension 'ros'
[1.503s] Level 1:colcon.colcon_core.package_identification:_identify(__pycache__) by extensions ['cmake', 'python']
[1.504s] Level 1:colcon.colcon_core.package_identification:_identify(__pycache__) by extension 'cmake'
[1.504s] Level 1:colcon.colcon_core.package_identification:_identify(__pycache__) by extension 'python'
[1.504s] Level 1:colcon.colcon_core.package_identification:_identify(__pycache__) by extensions ['python_setup_py']
[1.505s] Level 1:colcon.colcon_core.package_identification:_identify(__pycache__) by extension 'python_setup_py'
[1.505s] Level 1:colcon.colcon_core.package_identification:_identify(build) by extensions ['ignore', 'ignore_ament_install']
[1.506s] Level 1:colcon.colcon_core.package_identification:_identify(build) by extension 'ignore'
[1.507s] Level 1:colcon.colcon_core.package_identification:_identify(build) ignored
[1.508s] Level 1:colcon.colcon_core.package_identification:_identify(install) by extensions ['ignore', 'ignore_ament_install']
[1.508s] Level 1:colcon.colcon_core.package_identification:_identify(install) by extension 'ignore'
[1.509s] Level 1:colcon.colcon_core.package_identification:_identify(install) ignored
[1.509s] Level 1:colcon.colcon_core.package_identification:_identify(log) by extensions ['ignore', 'ignore_ament_install']
[1.510s] Level 1:colcon.colcon_core.package_identification:_identify(log) by extension 'ignore'
[1.510s] Level 1:colcon.colcon_core.package_identification:_identify(log) ignored
[1.510s] Level 1:colcon.colcon_core.package_discovery:discover_packages(recursive) using defaults
[1.510s] Level 1:colcon.colcon_core.package_discovery:discover_packages(ignore) discover
[1.511s] Level 1:colcon.colcon_core.package_discovery:discover_packages(ignore) using defaults
[1.511s] Level 1:colcon.colcon_core.package_discovery:discover_packages(path) discover
[1.511s] Level 1:colcon.colcon_core.package_discovery:discover_packages(path) using defaults
[1.513s] WARNING:colcon.colcon_core.package_selection:ignoring unknown package 'my_py_pkg' in --packages-select
[1.639s] Level 1:colcon.colcon_core.package_discovery:discover_packages(prefix_path) check parameters
[1.639s] Level 1:colcon.colcon_core.package_discovery:discover_packages(prefix_path) discover
[1.650s] DEBUG:colcon.colcon_installed_package_information.package_discovery:Found 2 installed packages in /home/elad/ros2_ws/install
[1.660s] DEBUG:colcon.colcon_installed_package_information.package_discovery:Found 270 installed packages in /opt/ros/humble
[1.669s] Level 1:colcon.colcon_core.package_discovery:discover_packages(prefix_path) using defaults
[1.949s] INFO:colcon.colcon_core.executor:Executing jobs using 'parallel' executor
[1.954s] DEBUG:colcon.colcon_parallel_executor.executor.parallel:run_until_complete
[1.954s] DEBUG:colcon.colcon_parallel_executor.executor.parallel:closing loop
[1.955s] DEBUG:colcon.colcon_parallel_executor.executor.parallel:loop closed
[1.955s] DEBUG:colcon.colcon_parallel_executor.executor.parallel:run_until_complete finished with '0'
[1.955s] DEBUG:colcon.colcon_core.event_reactor:joining thread
[1.998s] INFO:colcon.colcon_core.plugin_system:Skipping extension 'colcon_notification.desktop_notification.terminal_notifier': Not used on non-Darwin systems
[1.999s] INFO:colcon.colcon_core.plugin_system:Skipping extension 'colcon_notification.desktop_notification.win32': Not used on non-Windows systems
[1.999s] INFO:colcon.colcon_notification.desktop_notification:Sending desktop notification using 'notify2'
[2.111s] DEBUG:colcon.colcon_core.event_reactor:joined thread
[2.130s] INFO:colcon.colcon_core.plugin_system:Skipping extension 'colcon_core.shell.bat': Not used on non-Windows systems
[2.132s] INFO:colcon.colcon_core.shell:Creating prefix script '/home/elad/ros2_ws/src/my_py_pkg/my_py_pkg/install/local_setup.ps1'
[2.144s] INFO:colcon.colcon_core.shell:Creating prefix util module '/home/elad/ros2_ws/src/my_py_pkg/my_py_pkg/install/_local_setup_util_ps1.py'
[2.150s] INFO:colcon.colcon_core.shell:Creating prefix chain script '/home/elad/ros2_ws/src/my_py_pkg/my_py_pkg/install/setup.ps1'
[2.155s] INFO:colcon.colcon_core.shell:Creating prefix script '/home/elad/ros2_ws/src/my_py_pkg/my_py_pkg/install/local_setup.sh'
[2.162s] INFO:colcon.colcon_core.shell:Creating prefix util module '/home/elad/ros2_ws/src/my_py_pkg/my_py_pkg/install/_local_setup_util_sh.py'
[2.164s] INFO:colcon.colcon_core.shell:Creating prefix chain script '/home/elad/ros2_ws/src/my_py_pkg/my_py_pkg/install/setup.sh'
[2.170s] INFO:colcon.colcon_core.shell:Creating prefix script '/home/elad/ros2_ws/src/my_py_pkg/my_py_pkg/install/local_setup.bash'
[2.174s] INFO:colcon.colcon_core.shell:Creating prefix chain script '/home/elad/ros2_ws/src/my_py_pkg/my_py_pkg/install/setup.bash'
[2.181s] INFO:colcon.colcon_core.shell:Creating prefix script '/home/elad/ros2_ws/src/my_py_pkg/my_py_pkg/install/local_setup.zsh'
[2.186s] INFO:colcon.colcon_core.shell:Creating prefix chain script '/home/elad/ros2_ws/src/my_py_pkg/my_py_pkg/install/setup.zsh'
